<?xml version="1.0" encoding="UTF-8"?>
<robot generator="Robot 3.1.2 (Python 3.7.3 on win32)" generated="20200701 16:23:42.615" rpa="false">
<suite id="s1" name="Checkbox" source="C:\Users\danielarc\RobotProject\web\checkbox.robot">
<test id="s1-t1" name="Marcando opção com ID - para rodar no console robot -d ./log checkbox.robot">
<kw name="Open Browser" library="SeleniumLibrary">
<doc>Opens a new browser instance to the optional ``url``.</doc>
<arguments>
<arg>${url}</arg>
<arg>chrome</arg>
</arguments>
<msg timestamp="20200701 16:23:43.891" level="INFO">Opening browser 'chrome' to base url 'http://training-wheels-protocol.herokuapp.com/'.</msg>
<status status="PASS" starttime="20200701 16:23:43.890" endtime="20200701 16:23:55.883"></status>
</kw>
<kw name="Go To" library="SeleniumLibrary">
<doc>Navigates the current browser window to the provided ``url``.</doc>
<arguments>
<arg>${url}/checkboxes</arg>
</arguments>
<msg timestamp="20200701 16:23:55.884" level="INFO">Opening url 'http://training-wheels-protocol.herokuapp.com//checkboxes'</msg>
<status status="PASS" starttime="20200701 16:23:55.883" endtime="20200701 16:23:56.473"></status>
</kw>
<kw name="Select Checkbox" library="SeleniumLibrary">
<doc>Selects the checkbox identified by ``locator``.</doc>
<arguments>
<arg>${check_thor}</arg>
</arguments>
<msg timestamp="20200701 16:23:56.477" level="INFO">Selecting checkbox 'id:thor'.</msg>
<status status="PASS" starttime="20200701 16:23:56.477" endtime="20200701 16:23:56.590"></status>
</kw>
<kw name="Checkbox Should Be Selected" library="SeleniumLibrary">
<doc>Verifies checkbox ``locator`` is selected/checked.</doc>
<arguments>
<arg>${check_thor}</arg>
</arguments>
<msg timestamp="20200701 16:23:56.591" level="INFO">Verifying checkbox 'id:thor' is selected.</msg>
<status status="PASS" starttime="20200701 16:23:56.590" endtime="20200701 16:23:56.631"></status>
</kw>
<kw name="Close Browser" library="SeleniumLibrary">
<doc>Closes the current browser.</doc>
<status status="PASS" starttime="20200701 16:23:56.632" endtime="20200701 16:24:00.645"></status>
</kw>
<status status="PASS" starttime="20200701 16:23:43.889" endtime="20200701 16:24:00.645" critical="yes"></status>
</test>
<test id="s1-t2" name="Marcando opção com css selector - para rodar no console com tag robot -d ./log -i ironman checkbox.robot">
<kw name="Open Browser" library="SeleniumLibrary">
<doc>Opens a new browser instance to the optional ``url``.</doc>
<arguments>
<arg>${url}</arg>
<arg>chrome</arg>
</arguments>
<msg timestamp="20200701 16:24:00.648" level="INFO">Opening browser 'chrome' to base url 'http://training-wheels-protocol.herokuapp.com/'.</msg>
<status status="PASS" starttime="20200701 16:24:00.648" endtime="20200701 16:24:14.437"></status>
</kw>
<kw name="Go To" library="SeleniumLibrary">
<doc>Navigates the current browser window to the provided ``url``.</doc>
<arguments>
<arg>${url}/checkboxes</arg>
</arguments>
<msg timestamp="20200701 16:24:14.439" level="INFO">Opening url 'http://training-wheels-protocol.herokuapp.com//checkboxes'</msg>
<status status="PASS" starttime="20200701 16:24:14.438" endtime="20200701 16:24:15.004"></status>
</kw>
<kw name="Select Checkbox" library="SeleniumLibrary">
<doc>Selects the checkbox identified by ``locator``.</doc>
<arguments>
<arg>${check_iron}</arg>
</arguments>
<msg timestamp="20200701 16:24:15.039" level="INFO">Selecting checkbox 'css:input[value='iron-man']'.</msg>
<status status="PASS" starttime="20200701 16:24:15.038" endtime="20200701 16:24:15.201"></status>
</kw>
<kw name="Checkbox Should Be Selected" library="SeleniumLibrary">
<doc>Verifies checkbox ``locator`` is selected/checked.</doc>
<arguments>
<arg>${check_iron}</arg>
</arguments>
<msg timestamp="20200701 16:24:15.204" level="INFO">Verifying checkbox 'css:input[value='iron-man']' is selected.</msg>
<status status="PASS" starttime="20200701 16:24:15.204" endtime="20200701 16:24:15.242"></status>
</kw>
<kw name="Close Browser" library="SeleniumLibrary">
<doc>Closes the current browser.</doc>
<status status="PASS" starttime="20200701 16:24:15.243" endtime="20200701 16:24:22.101"></status>
</kw>
<tags>
<tag>ironman</tag>
</tags>
<status status="PASS" starttime="20200701 16:24:00.647" endtime="20200701 16:24:22.103" critical="yes"></status>
</test>
<test id="s1-t3" name="Marcando opção com xpath">
<kw name="Open Browser" library="SeleniumLibrary">
<doc>Opens a new browser instance to the optional ``url``.</doc>
<arguments>
<arg>${url}</arg>
<arg>chrome</arg>
</arguments>
<msg timestamp="20200701 16:24:22.111" level="INFO">Opening browser 'chrome' to base url 'http://training-wheels-protocol.herokuapp.com/'.</msg>
<status status="PASS" starttime="20200701 16:24:22.110" endtime="20200701 16:24:30.710"></status>
</kw>
<kw name="Go To" library="SeleniumLibrary">
<doc>Navigates the current browser window to the provided ``url``.</doc>
<arguments>
<arg>${url}/checkboxes</arg>
</arguments>
<msg timestamp="20200701 16:24:30.712" level="INFO">Opening url 'http://training-wheels-protocol.herokuapp.com//checkboxes'</msg>
<status status="PASS" starttime="20200701 16:24:30.712" endtime="20200701 16:24:31.146"></status>
</kw>
<kw name="Select Checkbox" library="SeleniumLibrary">
<doc>Selects the checkbox identified by ``locator``.</doc>
<arguments>
<arg>${check_pantera}</arg>
</arguments>
<msg timestamp="20200701 16:24:31.151" level="INFO">Selecting checkbox 'xpath://*[@id='checkboxes']/input[7]'.</msg>
<status status="PASS" starttime="20200701 16:24:31.150" endtime="20200701 16:24:31.260"></status>
</kw>
<kw name="Checkbox Should Be Selected" library="SeleniumLibrary">
<doc>Verifies checkbox ``locator`` is selected/checked.</doc>
<arguments>
<arg>${check_pantera}</arg>
</arguments>
<msg timestamp="20200701 16:24:31.261" level="INFO">Verifying checkbox 'xpath://*[@id='checkboxes']/input[7]' is selected.</msg>
<status status="PASS" starttime="20200701 16:24:31.261" endtime="20200701 16:24:31.293"></status>
</kw>
<kw name="Close Browser" library="SeleniumLibrary">
<doc>Closes the current browser.</doc>
<status status="PASS" starttime="20200701 16:24:31.294" endtime="20200701 16:24:34.834"></status>
</kw>
<tags>
<tag>panteranegra</tag>
</tags>
<status status="PASS" starttime="20200701 16:24:22.108" endtime="20200701 16:24:34.835" critical="yes"></status>
</test>
<status status="PASS" starttime="20200701 16:23:42.649" endtime="20200701 16:24:34.843"></status>
</suite>
<statistics>
<total>
<stat pass="3" fail="0">Critical Tests</stat>
<stat pass="3" fail="0">All Tests</stat>
</total>
<tag>
<stat pass="1" fail="0">ironman</stat>
<stat pass="1" fail="0">panteranegra</stat>
</tag>
<suite>
<stat pass="3" fail="0" id="s1" name="Checkbox">Checkbox</stat>
</suite>
</statistics>
<errors>
</errors>
</robot>
