<?xml version="1.0" encoding="UTF-8"?>
<robot generator="Robot 3.1.2 (Python 3.7.3 on win32)" generated="20200630 14:39:00.072" rpa="false">
<suite id="s1" name="Title" source="C:\Users\danielarc\RobotProject\web\title.robot">
<test id="s1-t1" name="Should See Page Title">
<kw name="Open Browser" library="SeleniumLibrary">
<doc>Opens a new browser instance to the optional ``url``.</doc>
<arguments>
<arg>http://training-wheels-protocol.herokuapp.com/</arg>
<arg>chrome</arg>
</arguments>
<msg timestamp="20200630 14:39:01.023" level="INFO">Opening browser 'chrome' to base url 'http://training-wheels-protocol.herokuapp.com/'.</msg>
<status status="PASS" starttime="20200630 14:39:01.022" endtime="20200630 14:39:09.257"></status>
</kw>
<kw name="Title Should Be" library="SeleniumLibrary">
<doc>Verifies that the current page title equals ``title``.</doc>
<arguments>
<arg>Training Wheels Protocol</arg>
</arguments>
<msg timestamp="20200630 14:39:09.273" level="INFO">Page title is 'Training Wheels Protocol'.</msg>
<status status="PASS" starttime="20200630 14:39:09.262" endtime="20200630 14:39:09.273"></status>
</kw>
<status status="PASS" starttime="20200630 14:39:01.022" endtime="20200630 14:39:09.274" critical="yes"></status>
</test>
<status status="PASS" starttime="20200630 14:39:00.094" endtime="20200630 14:39:09.277"></status>
</suite>
<statistics>
<total>
<stat pass="1" fail="0">Critical Tests</stat>
<stat pass="1" fail="0">All Tests</stat>
</total>
<tag>
</tag>
<suite>
<stat pass="1" fail="0" id="s1" name="Title">Title</stat>
</suite>
</statistics>
<errors>
</errors>
</robot>
